\BOOKMARK [0][-]{section*.1}{\376\377\144\130\211\201}{}% 1
\BOOKMARK [0][-]{section*.2}{\376\377\000A\000b\000s\000t\000r\000a\000c\000t}{}% 2
\BOOKMARK [0][-]{chapter.1}{\376\377\173\054\116\000\172\340\000\040\000\040\137\025\212\000}{}% 3
\BOOKMARK [0][-]{chapter.2}{\376\377\173\054\116\214\172\340\000\040\000\040\126\375\121\205\131\026\170\024\172\166\163\260\162\266}{}% 4
\BOOKMARK [1][-]{section.2.1}{\376\377\0002\000.\0001\000\040\155\361\136\246\133\146\116\140}{chapter.2}% 5
\BOOKMARK [2][-]{subsection.2.1.1}{\376\377\0002\000.\0001\000.\0001\000\040\126\376\120\317\122\006\174\173}{section.2.1}% 6
\BOOKMARK [2][-]{subsection.2.1.2}{\376\377\0002\000.\0001\000.\0002\000\040\166\356\150\007\150\300\155\113}{section.2.1}% 7
\BOOKMARK [1][-]{section.2.2}{\376\377\0002\000.\0002\000\040\136\246\221\317\133\146\116\140}{chapter.2}% 8
\BOOKMARK [1][-]{section.2.3}{\376\377\0002\000.\0003\000\040\133\371\142\227\150\067\147\054\225\356\230\230}{chapter.2}% 9
\BOOKMARK [2][-]{subsection.2.3.1}{\376\377\0002\000.\0003\000.\0001\000\040\145\073\121\373\145\271\154\325}{section.2.3}% 10
\BOOKMARK [2][-]{subsection.2.3.2}{\376\377\0002\000.\0003\000.\0002\000\040\226\062\137\241\145\271\154\325}{section.2.3}% 11
\BOOKMARK [0][-]{chapter.3}{\376\377\173\054\116\011\172\340\000\040\000\040\133\371\142\227\213\255\176\303\166\204\154\333\123\026\200\375\122\233}{}% 12
\BOOKMARK [1][-]{section.3.1}{\376\377\0003\000.\0001\000\040\213\260\123\367}{chapter.3}% 13
\BOOKMARK [1][-]{section.3.2}{\376\377\0003\000.\0002\000\040\145\073\121\373\145\271\154\325}{chapter.3}% 14
\BOOKMARK [2][-]{subsection.3.2.1}{\376\377\0003\000.\0002\000.\0001\000\040\000F\000G\000S\000M}{section.3.2}% 15
\BOOKMARK [2][-]{subsection.3.2.2}{\376\377\0003\000.\0002\000.\0002\000\040\000P\000G\000D}{section.3.2}% 16
\BOOKMARK [2][-]{subsection.3.2.3}{\376\377\0003\000.\0002\000.\0003\000\040\000C\000\046\000W\000'\000s\000\040\000A\000t\000t\000a\000c\000k}{section.3.2}% 17
\BOOKMARK [1][-]{section.3.3}{\376\377\0003\000.\0003\000\040\133\371\142\227\213\255\176\303}{chapter.3}% 18
\BOOKMARK [0][-]{chapter.4}{\376\377\173\054\126\333\172\340\000\040\000\040\133\371\142\227\213\255\176\303\116\055\166\204\153\143\122\031\123\026\145\271\154\325}{}% 19
\BOOKMARK [1][-]{section.4.1}{\376\377\0004\000.\0001\000\040\000A\000L\000P}{chapter.4}% 20
\BOOKMARK [1][-]{section.4.2}{\376\377\0004\000.\0002\000\040\000A\000D\000T\000A}{chapter.4}% 21
\BOOKMARK [1][-]{section.4.3}{\376\377\0004\000.\0003\000\040\000A\000M\000R}{chapter.4}% 22
\BOOKMARK [0][-]{chapter.5}{\376\377\173\054\116\224\172\340\000\040\000\040\133\236\232\214\116\016\122\006\147\220}{}% 23
\BOOKMARK [1][-]{section.5.1}{\376\377\0005\000.\0001\000\040\133\236\232\214\213\276\177\156}{chapter.5}% 24
\BOOKMARK [1][-]{section.5.2}{\376\377\0005\000.\0002\000\040\154\333\123\026\200\375\122\233\122\006\147\220}{chapter.5}% 25
\BOOKMARK [1][-]{section.5.3}{\376\377\0005\000.\0003\000\040\143\137\131\061\145\117\141\037\136\246\122\006\147\220}{chapter.5}% 26
\BOOKMARK [1][-]{section.5.4}{\376\377\0005\000.\0004\000\040\133\371\142\227\155\101\137\142\153\143\122\031\123\026\166\204\000k\217\321\220\273\122\006\147\220}{chapter.5}% 27
\BOOKMARK [1][-]{section.5.5}{\376\377\0005\000.\0005\000\040\000P\000G\000D\145\073\121\373\166\204\145\066\145\133\140\047\122\006\147\220}{chapter.5}% 28
\BOOKMARK [0][-]{chapter.6}{\376\377\173\054\121\155\172\340\000\040\000\040\140\073\176\323\116\016\134\125\147\033}{}% 29
\BOOKMARK [0][-]{section*.17}{\376\377\123\302\200\003\145\207\163\056}{}% 30
\BOOKMARK [0][-]{chapter*.19}{\376\377\201\364\214\042}{}% 31
